2025-11-25 14:09:33,099 __init__ вызван
2025-11-25 14:09:33,099 file_reader вызван
2025-11-25 14:09:33,099 __init2__вызван
2025-11-25 14:09:33,099 counts вызван
2025-11-25 14:09:33,099 fraction вызван
2025-11-25 14:09:33,099 predict_random вызван
2025-11-25 14:09:33,099 save_file вызван
2025-11-25 14:09:33,611 Telegram message sent
2025-11-25 14:10:29,050 __init__ вызван
2025-11-25 14:10:29,050 file_reader вызван
2025-11-25 14:10:29,050 __init2__вызван
2025-11-25 14:10:29,050 counts вызван
2025-11-25 14:10:29,050 fraction вызван
2025-11-25 14:10:29,050 predict_random вызван
2025-11-25 14:10:29,050 save_file вызван
2025-11-25 14:10:29,511 Telegram message sent
2025-11-25 14:11:28,490 __init__ вызван
2025-11-25 14:11:28,490 file_reader вызван
2025-11-25 14:11:28,490 __init2__вызван
2025-11-25 14:11:28,491 counts вызван
2025-11-25 14:11:28,491 fraction вызван
2025-11-25 14:11:28,491 predict_random вызван
2025-11-25 14:11:28,491 save_file вызван
2025-11-25 14:11:29,001 Telegram message sent
2025-11-25 14:12:19,152 __init__ вызван
2025-11-25 14:12:19,152 file_reader вызван
2025-11-25 14:12:19,152 __init2__вызван
2025-11-25 14:12:19,152 counts вызван
2025-11-25 14:12:19,152 fraction вызван
2025-11-25 14:12:19,152 predict_random вызван
2025-11-25 14:12:19,152 save_file вызван
2025-11-25 14:12:19,592 Telegram message sent
2025-11-25 14:12:30,041 __init__ вызван
2025-11-25 14:12:30,041 file_reader вызван
2025-11-25 14:12:30,041 __init2__вызван
2025-11-25 14:12:30,041 counts вызван
2025-11-25 14:12:30,041 fraction вызван
2025-11-25 14:12:30,041 predict_random вызван
2025-11-25 14:12:30,041 save_file вызван
2025-11-25 14:12:30,548 Telegram message sent
2025-11-25 14:12:52,134 __init__ вызван
2025-11-25 14:12:52,134 file_reader вызван
2025-11-25 14:12:52,134 __init2__вызван
2025-11-25 14:12:52,134 counts вызван
2025-11-25 14:12:52,134 fraction вызван
2025-11-25 14:12:52,134 predict_random вызван
2025-11-25 14:12:52,134 save_file вызван
2025-11-25 14:12:52,594 Telegram message sent
2025-11-25 14:13:01,294 __init__ вызван
2025-11-25 14:13:01,294 file_reader вызван
2025-11-25 14:13:01,294 __init2__вызван
2025-11-25 14:13:01,294 counts вызван
2025-11-25 14:13:01,294 fraction вызван
2025-11-25 14:13:01,294 predict_random вызван
2025-11-25 14:13:01,296 save_file вызван
2025-11-25 14:13:01,744 Telegram message sent
2025-11-25 14:13:32,555 __init__ вызван
2025-11-25 14:13:32,555 file_reader вызван
2025-11-25 14:13:32,555 __init2__вызван
2025-11-25 14:13:32,555 counts вызван
2025-11-25 14:13:32,555 fraction вызван
2025-11-25 14:13:32,555 predict_random вызван
2025-11-25 14:13:32,563 save_file вызван
2025-11-25 14:13:34,056 Telegram message sent
2025-11-25 14:13:49,163 __init__ вызван
2025-11-25 14:13:49,171 file_reader вызван
2025-11-25 14:13:49,171 __init2__вызван
2025-11-25 14:13:49,171 counts вызван
2025-11-25 14:13:49,171 fraction вызван
2025-11-25 14:13:49,171 predict_random вызван
2025-11-25 14:13:49,171 save_file вызван
2025-11-25 14:13:49,714 Telegram message sent
2025-11-25 14:15:52,432 __init__ вызван
2025-11-25 14:15:52,432 file_reader вызван
2025-11-25 14:15:52,432 __init2__вызван
2025-11-25 14:15:52,432 counts вызван
2025-11-25 14:15:52,432 fraction вызван
2025-11-25 14:15:52,432 predict_random вызван
2025-11-25 14:15:52,432 save_file вызван
2025-11-25 14:15:53,009 Telegram message sent
2025-11-25 14:16:00,322 __init__ вызван
2025-11-25 14:16:00,322 file_reader вызван
2025-11-25 14:16:00,322 __init2__вызван
2025-11-25 14:16:00,322 counts вызван
2025-11-25 14:16:00,322 fraction вызван
2025-11-25 14:16:00,322 predict_random вызван
2025-11-25 14:16:00,322 save_file вызван
2025-11-25 14:16:00,798 Telegram message sent
2025-11-25 14:16:30,644 __init__ вызван
2025-11-25 14:16:30,644 file_reader вызван
2025-11-25 14:16:30,644 __init2__вызван
2025-11-25 14:16:30,644 counts вызван
2025-11-25 14:16:30,644 fraction вызван
2025-11-25 14:16:30,644 predict_random вызван
2025-11-25 14:16:30,644 save_file вызван
2025-11-25 14:16:31,125 Telegram message sent
